{"D:\\node46\\ExpressJS\\be-cyper-media\\src\\common\\constant\\app.constant.js": {"path":"D:\\node46\\ExpressJS\\be-cyper-media\\src\\common\\constant\\app.constant.js","statementMap":{"0":{"start":{"line":1,"column":28},"end":{"line":1,"column":52}},"1":{"start":{"line":2,"column":36},"end":{"line":2,"column":68}},"2":{"start":{"line":3,"column":35},"end":{"line":3,"column":66}},"3":{"start":{"line":4,"column":36},"end":{"line":4,"column":68}},"4":{"start":{"line":5,"column":37},"end":{"line":5,"column":70}},"5":{"start":{"line":7,"column":2},"end":{"line":7,"column":61}},"6":{"start":{"line":8,"column":0},"end":{"line":14,"column":2}}},"fnMap":{},"branchMap":{},"s":{"0":1,"1":1,"2":1,"3":1,"4":1,"5":1,"6":1},"f":{},"b":{},"_coverageSchema":"1a1c01bbd47fc00a2c39e90264f33305004495a9","hash":"aeecb6b3ad40cdfc04f343711356b9c549f1e334"}
,"D:\\node46\\ExpressJS\\be-cyper-media\\src\\common\\helpers\\erorr.helper.js": {"path":"D:\\node46\\ExpressJS\\be-cyper-media\\src\\common\\helpers\\erorr.helper.js","statementMap":{"0":{"start":{"line":3,"column":27},"end":{"line":18,"column":1}},"1":{"start":{"line":4,"column":2},"end":{"line":4,"column":19}},"2":{"start":{"line":9,"column":2},"end":{"line":11,"column":3}},"3":{"start":{"line":10,"column":4},"end":{"line":10,"column":19}},"4":{"start":{"line":12,"column":2},"end":{"line":14,"column":3}},"5":{"start":{"line":13,"column":4},"end":{"line":13,"column":19}},"6":{"start":{"line":16,"column":18},"end":{"line":16,"column":65}},"7":{"start":{"line":17,"column":2},"end":{"line":17,"column":41}},"8":{"start":{"line":31,"column":4},"end":{"line":31,"column":19}},"9":{"start":{"line":32,"column":4},"end":{"line":32,"column":20}},"10":{"start":{"line":38,"column":4},"end":{"line":38,"column":19}},"11":{"start":{"line":39,"column":4},"end":{"line":39,"column":20}},"12":{"start":{"line":44,"column":4},"end":{"line":44,"column":19}},"13":{"start":{"line":45,"column":4},"end":{"line":45,"column":20}}},"fnMap":{"0":{"name":"(anonymous_0)","decl":{"start":{"line":3,"column":27},"end":{"line":3,"column":28}},"loc":{"start":{"line":3,"column":52},"end":{"line":18,"column":1}},"line":3},"1":{"name":"(anonymous_1)","decl":{"start":{"line":30,"column":2},"end":{"line":30,"column":3}},"loc":{"start":{"line":30,"column":47},"end":{"line":33,"column":3}},"line":30},"2":{"name":"(anonymous_2)","decl":{"start":{"line":37,"column":2},"end":{"line":37,"column":3}},"loc":{"start":{"line":37,"column":46},"end":{"line":40,"column":3}},"line":37},"3":{"name":"(anonymous_3)","decl":{"start":{"line":43,"column":2},"end":{"line":43,"column":3}},"loc":{"start":{"line":43,"column":43},"end":{"line":46,"column":3}},"line":43}},"branchMap":{"0":{"loc":{"start":{"line":9,"column":2},"end":{"line":11,"column":3}},"type":"if","locations":[{"start":{"line":9,"column":2},"end":{"line":11,"column":3}},{"start":{},"end":{}}],"line":9},"1":{"loc":{"start":{"line":12,"column":2},"end":{"line":14,"column":3}},"type":"if","locations":[{"start":{"line":12,"column":2},"end":{"line":14,"column":3}},{"start":{},"end":{}}],"line":12},"2":{"loc":{"start":{"line":30,"column":14},"end":{"line":30,"column":45}},"type":"default-arg","locations":[{"start":{"line":30,"column":24},"end":{"line":30,"column":45}}],"line":30},"3":{"loc":{"start":{"line":37,"column":14},"end":{"line":37,"column":44}},"type":"default-arg","locations":[{"start":{"line":37,"column":24},"end":{"line":37,"column":44}}],"line":37},"4":{"loc":{"start":{"line":43,"column":14},"end":{"line":43,"column":41}},"type":"default-arg","locations":[{"start":{"line":43,"column":24},"end":{"line":43,"column":41}}],"line":43}},"s":{"0":1,"1":0,"2":0,"3":0,"4":0,"5":0,"6":0,"7":0,"8":0,"9":0,"10":0,"11":0,"12":0,"13":0},"f":{"0":0,"1":0,"2":0,"3":0},"b":{"0":[0,0],"1":[0,0],"2":[0],"3":[0],"4":[0]},"_coverageSchema":"1a1c01bbd47fc00a2c39e90264f33305004495a9","hash":"473470b29d42e9c6d01409563b05333861ce490a"}
,"D:\\node46\\ExpressJS\\be-cyper-media\\src\\common\\helpers\\response.helper.js": {"path":"D:\\node46\\ExpressJS\\be-cyper-media\\src\\common\\helpers\\response.helper.js","statementMap":{"0":{"start":{"line":1,"column":31},"end":{"line":14,"column":1}},"1":{"start":{"line":6,"column":2},"end":{"line":6,"column":44}},"2":{"start":{"line":6,"column":32},"end":{"line":6,"column":44}},"3":{"start":{"line":7,"column":2},"end":{"line":13,"column":4}},"4":{"start":{"line":16,"column":29},"end":{"line":28,"column":1}},"5":{"start":{"line":21,"column":2},"end":{"line":21,"column":43}},"6":{"start":{"line":21,"column":32},"end":{"line":21,"column":43}},"7":{"start":{"line":22,"column":2},"end":{"line":27,"column":4}}},"fnMap":{"0":{"name":"(anonymous_0)","decl":{"start":{"line":1,"column":31},"end":{"line":1,"column":32}},"loc":{"start":{"line":5,"column":5},"end":{"line":14,"column":1}},"line":5},"1":{"name":"(anonymous_1)","decl":{"start":{"line":16,"column":29},"end":{"line":16,"column":30}},"loc":{"start":{"line":20,"column":5},"end":{"line":28,"column":1}},"line":20}},"branchMap":{"0":{"loc":{"start":{"line":2,"column":2},"end":{"line":2,"column":17}},"type":"default-arg","locations":[{"start":{"line":2,"column":13},"end":{"line":2,"column":17}}],"line":2},"1":{"loc":{"start":{"line":3,"column":2},"end":{"line":3,"column":16}},"type":"default-arg","locations":[{"start":{"line":3,"column":12},"end":{"line":3,"column":16}}],"line":3},"2":{"loc":{"start":{"line":4,"column":2},"end":{"line":4,"column":12}},"type":"default-arg","locations":[{"start":{"line":4,"column":9},"end":{"line":4,"column":12}}],"line":4},"3":{"loc":{"start":{"line":6,"column":2},"end":{"line":6,"column":44}},"type":"if","locations":[{"start":{"line":6,"column":2},"end":{"line":6,"column":44}},{"start":{},"end":{}}],"line":6},"4":{"loc":{"start":{"line":17,"column":2},"end":{"line":17,"column":35}},"type":"default-arg","locations":[{"start":{"line":17,"column":12},"end":{"line":17,"column":35}}],"line":17},"5":{"loc":{"start":{"line":18,"column":2},"end":{"line":18,"column":12}},"type":"default-arg","locations":[{"start":{"line":18,"column":9},"end":{"line":18,"column":12}}],"line":18},"6":{"loc":{"start":{"line":19,"column":2},"end":{"line":19,"column":14}},"type":"default-arg","locations":[{"start":{"line":19,"column":10},"end":{"line":19,"column":14}}],"line":19},"7":{"loc":{"start":{"line":21,"column":2},"end":{"line":21,"column":43}},"type":"if","locations":[{"start":{"line":21,"column":2},"end":{"line":21,"column":43}},{"start":{},"end":{}}],"line":21}},"s":{"0":1,"1":0,"2":0,"3":0,"4":1,"5":0,"6":0,"7":0},"f":{"0":0,"1":0},"b":{"0":[0],"1":[0],"2":[0],"3":[0,0],"4":[0],"5":[0],"6":[0],"7":[0,0]},"_coverageSchema":"1a1c01bbd47fc00a2c39e90264f33305004495a9","hash":"09120bd90b21becdaed784d2b4df00aa504c5e6b"}
,"D:\\node46\\ExpressJS\\be-cyper-media\\src\\common\\nodemailer\\send-mail.nodemailer.js": {"path":"D:\\node46\\ExpressJS\\be-cyper-media\\src\\common\\nodemailer\\send-mail.nodemailer.js","statementMap":{"0":{"start":{"line":2,"column":20},"end":{"line":10,"column":2}},"1":{"start":{"line":15,"column":15},"end":{"line":21,"column":4}},"2":{"start":{"line":23,"column":2},"end":{"line":23,"column":50}}},"fnMap":{"0":{"name":"sendMail","decl":{"start":{"line":13,"column":15},"end":{"line":13,"column":23}},"loc":{"start":{"line":13,"column":31},"end":{"line":25,"column":1}},"line":13}},"branchMap":{},"s":{"0":1,"1":1,"2":0},"f":{"0":1},"b":{},"_coverageSchema":"1a1c01bbd47fc00a2c39e90264f33305004495a9","hash":"6711563e585f21b7176c0383f1a165365ee59db3"}
,"D:\\node46\\ExpressJS\\be-cyper-media\\src\\common\\prisma\\init.prisma.js": {"path":"D:\\node46\\ExpressJS\\be-cyper-media\\src\\common\\prisma\\init.prisma.js","statementMap":{"0":{"start":{"line":3,"column":15},"end":{"line":3,"column":33}}},"fnMap":{},"branchMap":{},"s":{"0":1},"f":{},"b":{},"_coverageSchema":"1a1c01bbd47fc00a2c39e90264f33305004495a9","hash":"05ebee236ddd1fa1ac7d67d5bfe522f2e6efcfe4"}
,"D:\\node46\\ExpressJS\\be-cyper-media\\src\\services\\auth.service.js": {"path":"D:\\node46\\ExpressJS\\be-cyper-media\\src\\services\\auth.service.js","statementMap":{"0":{"start":{"line":15,"column":20},"end":{"line":162,"column":1}},"1":{"start":{"line":19,"column":44},"end":{"line":19,"column":52}},"2":{"start":{"line":20,"column":4},"end":{"line":20,"column":49}},"3":{"start":{"line":22,"column":23},"end":{"line":26,"column":6}},"4":{"start":{"line":28,"column":4},"end":{"line":30,"column":5}},"5":{"start":{"line":29,"column":6},"end":{"line":29,"column":80}},"6":{"start":{"line":33,"column":21},"end":{"line":33,"column":51}},"7":{"start":{"line":36,"column":20},"end":{"line":42,"column":6}},"8":{"start":{"line":45,"column":4},"end":{"line":45,"column":29}},"9":{"start":{"line":50,"column":4},"end":{"line":52,"column":7}},"10":{"start":{"line":51,"column":6},"end":{"line":51,"column":41}},"11":{"start":{"line":54,"column":4},"end":{"line":54,"column":19}},"12":{"start":{"line":57,"column":33},"end":{"line":57,"column":41}},"13":{"start":{"line":58,"column":4},"end":{"line":58,"column":38}},"14":{"start":{"line":60,"column":23},"end":{"line":64,"column":6}},"15":{"start":{"line":66,"column":4},"end":{"line":68,"column":5}},"16":{"start":{"line":67,"column":6},"end":{"line":67,"column":79}},"17":{"start":{"line":69,"column":4},"end":{"line":83,"column":5}},"18":{"start":{"line":70,"column":6},"end":{"line":74,"column":7}},"19":{"start":{"line":71,"column":8},"end":{"line":73,"column":10}},"20":{"start":{"line":75,"column":6},"end":{"line":79,"column":7}},"21":{"start":{"line":76,"column":8},"end":{"line":78,"column":10}},"22":{"start":{"line":80,"column":6},"end":{"line":82,"column":8}},"23":{"start":{"line":85,"column":23},"end":{"line":85,"column":74}},"24":{"start":{"line":87,"column":4},"end":{"line":89,"column":5}},"25":{"start":{"line":88,"column":6},"end":{"line":88,"column":64}},"26":{"start":{"line":91,"column":19},"end":{"line":91,"column":63}},"27":{"start":{"line":92,"column":4},"end":{"line":92,"column":18}},"28":{"start":{"line":96,"column":4},"end":{"line":96,"column":26}},"29":{"start":{"line":97,"column":41},"end":{"line":97,"column":49}},"30":{"start":{"line":98,"column":19},"end":{"line":98,"column":35}},"31":{"start":{"line":99,"column":21},"end":{"line":103,"column":6}},"32":{"start":{"line":104,"column":4},"end":{"line":112,"column":5}},"33":{"start":{"line":105,"column":6},"end":{"line":111,"column":9}},"34":{"start":{"line":113,"column":19},"end":{"line":113,"column":63}},"35":{"start":{"line":114,"column":4},"end":{"line":114,"column":44}},"36":{"start":{"line":115,"column":4},"end":{"line":115,"column":18}},"37":{"start":{"line":118,"column":25},"end":{"line":118,"column":65}},"38":{"start":{"line":119,"column":4},"end":{"line":121,"column":5}},"39":{"start":{"line":120,"column":6},"end":{"line":120,"column":79}},"40":{"start":{"line":122,"column":24},"end":{"line":122,"column":53}},"41":{"start":{"line":123,"column":4},"end":{"line":125,"column":5}},"42":{"start":{"line":124,"column":6},"end":{"line":124,"column":79}},"43":{"start":{"line":126,"column":31},"end":{"line":126,"column":77}},"44":{"start":{"line":127,"column":30},"end":{"line":129,"column":6}},"45":{"start":{"line":130,"column":4},"end":{"line":132,"column":5}},"46":{"start":{"line":131,"column":6},"end":{"line":131,"column":58}},"47":{"start":{"line":133,"column":23},"end":{"line":137,"column":6}},"48":{"start":{"line":139,"column":4},"end":{"line":139,"column":69}},"49":{"start":{"line":139,"column":21},"end":{"line":139,"column":69}},"50":{"start":{"line":140,"column":19},"end":{"line":140,"column":63}},"51":{"start":{"line":142,"column":4},"end":{"line":142,"column":43}},"52":{"start":{"line":143,"column":4},"end":{"line":143,"column":42}},"53":{"start":{"line":144,"column":4},"end":{"line":144,"column":42}},"54":{"start":{"line":145,"column":4},"end":{"line":145,"column":18}},"55":{"start":{"line":150,"column":4},"end":{"line":160,"column":5}},"56":{"start":{"line":151,"column":26},"end":{"line":153,"column":8}},"57":{"start":{"line":154,"column":27},"end":{"line":156,"column":8}},"58":{"start":{"line":157,"column":6},"end":{"line":157,"column":70}},"59":{"start":{"line":159,"column":6},"end":{"line":159,"column":68}}},"fnMap":{"0":{"name":"(anonymous_0)","decl":{"start":{"line":17,"column":12},"end":{"line":17,"column":13}},"loc":{"start":{"line":17,"column":27},"end":{"line":55,"column":3}},"line":17},"1":{"name":"(anonymous_1)","decl":{"start":{"line":50,"column":49},"end":{"line":50,"column":50}},"loc":{"start":{"line":50,"column":58},"end":{"line":52,"column":5}},"line":50},"2":{"name":"(anonymous_2)","decl":{"start":{"line":56,"column":9},"end":{"line":56,"column":10}},"loc":{"start":{"line":56,"column":24},"end":{"line":93,"column":3}},"line":56},"3":{"name":"(anonymous_3)","decl":{"start":{"line":95,"column":17},"end":{"line":95,"column":18}},"loc":{"start":{"line":95,"column":32},"end":{"line":116,"column":3}},"line":95},"4":{"name":"(anonymous_4)","decl":{"start":{"line":117,"column":16},"end":{"line":117,"column":17}},"loc":{"start":{"line":117,"column":31},"end":{"line":146,"column":3}},"line":117},"5":{"name":"(anonymous_5)","decl":{"start":{"line":149,"column":16},"end":{"line":149,"column":17}},"loc":{"start":{"line":149,"column":28},"end":{"line":161,"column":3}},"line":149}},"branchMap":{"0":{"loc":{"start":{"line":28,"column":4},"end":{"line":30,"column":5}},"type":"if","locations":[{"start":{"line":28,"column":4},"end":{"line":30,"column":5}},{"start":{},"end":{}}],"line":28},"1":{"loc":{"start":{"line":66,"column":4},"end":{"line":68,"column":5}},"type":"if","locations":[{"start":{"line":66,"column":4},"end":{"line":68,"column":5}},{"start":{},"end":{}}],"line":66},"2":{"loc":{"start":{"line":69,"column":4},"end":{"line":83,"column":5}},"type":"if","locations":[{"start":{"line":69,"column":4},"end":{"line":83,"column":5}},{"start":{},"end":{}}],"line":69},"3":{"loc":{"start":{"line":70,"column":6},"end":{"line":74,"column":7}},"type":"if","locations":[{"start":{"line":70,"column":6},"end":{"line":74,"column":7}},{"start":{},"end":{}}],"line":70},"4":{"loc":{"start":{"line":75,"column":6},"end":{"line":79,"column":7}},"type":"if","locations":[{"start":{"line":75,"column":6},"end":{"line":79,"column":7}},{"start":{},"end":{}}],"line":75},"5":{"loc":{"start":{"line":87,"column":4},"end":{"line":89,"column":5}},"type":"if","locations":[{"start":{"line":87,"column":4},"end":{"line":89,"column":5}},{"start":{},"end":{}}],"line":87},"6":{"loc":{"start":{"line":104,"column":4},"end":{"line":112,"column":5}},"type":"if","locations":[{"start":{"line":104,"column":4},"end":{"line":112,"column":5}},{"start":{},"end":{}}],"line":104},"7":{"loc":{"start":{"line":119,"column":4},"end":{"line":121,"column":5}},"type":"if","locations":[{"start":{"line":119,"column":4},"end":{"line":121,"column":5}},{"start":{},"end":{}}],"line":119},"8":{"loc":{"start":{"line":123,"column":4},"end":{"line":125,"column":5}},"type":"if","locations":[{"start":{"line":123,"column":4},"end":{"line":125,"column":5}},{"start":{},"end":{}}],"line":123},"9":{"loc":{"start":{"line":130,"column":4},"end":{"line":132,"column":5}},"type":"if","locations":[{"start":{"line":130,"column":4},"end":{"line":132,"column":5}},{"start":{},"end":{}}],"line":130},"10":{"loc":{"start":{"line":139,"column":4},"end":{"line":139,"column":69}},"type":"if","locations":[{"start":{"line":139,"column":4},"end":{"line":139,"column":69}},{"start":{},"end":{}}],"line":139},"11":{"loc":{"start":{"line":150,"column":4},"end":{"line":160,"column":5}},"type":"if","locations":[{"start":{"line":150,"column":4},"end":{"line":160,"column":5}},{"start":{"line":158,"column":11},"end":{"line":160,"column":5}}],"line":150}},"s":{"0":1,"1":1,"2":1,"3":1,"4":1,"5":0,"6":1,"7":1,"8":1,"9":1,"10":0,"11":1,"12":0,"13":0,"14":0,"15":0,"16":0,"17":0,"18":0,"19":0,"20":0,"21":0,"22":0,"23":0,"24":0,"25":0,"26":0,"27":0,"28":0,"29":0,"30":0,"31":0,"32":0,"33":0,"34":0,"35":0,"36":0,"37":0,"38":0,"39":0,"40":0,"41":0,"42":0,"43":0,"44":0,"45":0,"46":0,"47":0,"48":0,"49":0,"50":0,"51":0,"52":0,"53":0,"54":0,"55":0,"56":0,"57":0,"58":0,"59":0},"f":{"0":1,"1":0,"2":0,"3":0,"4":0,"5":0},"b":{"0":[0,1],"1":[0,0],"2":[0,0],"3":[0,0],"4":[0,0],"5":[0,0],"6":[0,0],"7":[0,0],"8":[0,0],"9":[0,0],"10":[0,0],"11":[0,0]},"_coverageSchema":"1a1c01bbd47fc00a2c39e90264f33305004495a9","hash":"68d2d2b5fe33c971d9c06f05da3a85fb52cbb60d"}
}
